1000,0.09984,0.0998,2.6482257273197174
2000,0.10004,0.1001,1.0093821532726288
3000,0.10082,0.1005,3.3184630918502807
4000,0.10004,0.1,2.018099994659424
5000,0.10008,0.1002,0.7177898011207581
6000,0.09922,0.0996,3.026098347425461
7000,0.10008,0.1,1.726405338525772
8000,0.09918,0.0997,0.42694808840751647
9000,0.10028,0.1002,2.735029122829437
10000,0.10014,0.0999,1.4355972316265107
11000,0.10028,0.1004,0.13609839940071106
12000,0.0999,0.1003,2.4436599130630494
13000,0.10024,0.1001,1.1444488377571107
14000,0.10008,0.1001,3.4519497690200804
15000,0.10014,0.1,2.152485746383667
16000,0.10014,0.1002,0.8535751776695252
17000,0.10032,0.1004,3.1602759301662444
18000,0.09996,0.1,1.8616543307304383
19000,0.09992,0.1001,0.5627320258617401
20000,0.10018,0.1,2.8692067110538484
21000,0.09998,0.1,1.5703377001285552
22000,0.10062,0.1011,0.27214712023735044
23000,0.1004,0.1005,2.5784172432422636
24000,0.10012,0.1001,1.2798477084636688
25000,0.1005,0.1008,3.5855462665557862
26000,0.09724,0.0976,2.287168034553528
27000,0.10056,0.1003,0.989321533203125
28000,0.09694,0.0974,3.2940723786354065
29000,0.10028,0.1004,1.9966019217967987
30000,0.10004,0.1001,0.6985469238758087
31000,0.10006,0.1,3.0039365146160124
32000,0.09974,0.1,1.706034021139145
33000,0.10014,0.1,0.4081904189586639
34000,0.0995,0.0997,2.7137770881652834
35000,0.10018,0.1004,1.4151791081428529
36000,0.09902,0.0997,0.11749802708625794
37000,0.0996,0.0997,2.422065630435944
38000,0.10036,0.1006,1.1246998846530913
39000,0.09994,0.1,3.4294728946685793
40000,0.09972,0.1001,2.1316287236213682
41000,0.0996,0.0993,0.8344655191898346
42000,0.10008,0.1,3.138886088132858
43000,0.09946,0.0998,1.8410860087871552
44000,0.09906,0.0998,0.5437456278800964
45000,0.09994,0.1004,2.847930115222931
46000,0.1002,0.1006,1.5507943468093872
47000,0.09998,0.1001,0.25342524909973146
48000,0.09816,0.0986,2.557896296262741
49000,0.10056,0.1006,1.260461056470871
50000,0.10002,0.1001,3.5644567987918854
51000,0.0998,0.1003,2.267376561641693
52000,0.09974,0.1003,0.9700959999561309
53000,0.10022,0.1002,3.2743270609378814
54000,0.10012,0.1002,1.9769999809265137
55000,0.1,0.1,0.6796841402053833
56000,0.10028,0.1002,2.9839021842479707
57000,0.09978,0.1,1.686190576314926
58000,0.10008,0.1,0.38934563970565794
59000,0.0988,0.0995,2.693007889509201
60000,0.09878,0.0999,1.3961290671825408
61000,0.09976,0.1002,0.09904362511634826
62000,0.0974,0.098,2.402536705493927
63000,0.1,0.1001,1.1056962487697601
64000,0.10004,0.1003,3.4094516811370847
65000,0.09674,0.0976,2.112162944793701
66000,0.10006,0.1002,0.8153780767917633
67000,0.10008,0.1,3.1189112675189974
68000,0.1,0.0999,1.8219358410835267
69000,0.10034,0.1003,0.5253344912528992
70000,0.1001,0.1,2.8287267961502076
71000,0.10002,0.1001,1.5317007770538331
72000,0.1001,0.1,0.23494707226753234
73000,0.1001,0.1,2.538303414344788
74000,0.1001,0.1,1.2414352841377259
75000,0.10012,0.0999,3.544851474046707
76000,0.09994,0.0999,2.2479904046058654
77000,0.09906,0.0996,0.9511944420337677
78000,0.09818,0.0984,3.2543180372714997
79000,0.09988,0.0999,1.9575614590644836
80000,0.09804,0.0986,0.6609974253177643
81000,0.10028,0.1005,2.964280063152313
82000,0.10006,0.1,1.6675184848308564
83000,0.10014,0.1002,0.37075491094589236
84000,0.09872,0.0998,2.673744785308838
85000,0.09866,0.099,1.3772961845397949
86000,0.10014,0.1001,0.08058096194267272
87000,0.10042,0.1002,2.383744452238083
88000,0.10002,0.0999,1.0869678483009337
89000,0.09996,0.0999,3.3899450931549073
90000,0.0999,0.0999,2.093470183134079
91000,0.10004,0.1001,0.7968853347301483
92000,0.0989,0.0996,3.1000425236225126
93000,0.10014,0.0999,1.8031783273220063
94000,0.1001,0.1001,0.5066115965843201
95000,0.10004,0.1,2.8095704917907716
96000,0.10062,0.1004,1.5130002677440644
97000,0.10014,0.1,0.2164894859790802
98000,0.10006,0.1001,2.519435435771942
99000,0.09996,0.1002,1.2227863154411316
100000,0.09996,0.1003,3.5257270064353943
101000,0.10002,0.1002,2.2292400846481324
102000,0.0999,0.1005,0.9327083334922791
103000,0.10038,0.1001,3.2356336154937746
104000,0.10006,0.1002,1.938957363128662
105000,0.10008,0.1,0.6424443583488464
106000,0.10038,0.1005,2.9453782966136934
107000,0.09916,0.0997,1.6488722693920135
108000,0.10044,0.1003,0.35234487342834475
109000,0.09994,0.1,2.6552267384529116
110000,0.09896,0.0997,1.3587020676136017
111000,0.09672,0.0976,0.06216948890686035
112000,0.10012,0.1001,2.3650005407333374
113000,0.10014,0.1,1.0685006818771363
114000,0.10076,0.1005,3.3712778725624086
115000,0.09998,0.0999,2.074854697227478
116000,0.09984,0.1001,0.778334068775177
117000,0.10018,0.1,3.0811550977230073
118000,0.09982,0.1002,1.7846619040966034
119000,0.10018,0.1008,0.48821110105514526
120000,0.09998,0.1001,2.790977455854416
121000,0.10016,0.1,1.4944239423274994
122000,0.09658,0.0974,0.19803971242904664
123000,0.09978,0.1001,2.5008430025577546
124000,0.10026,0.1005,1.2043016107082367
125000,0.0978,0.0982,3.507081889629364
126000,0.10008,0.1,2.2106382648944853
127000,0.097,0.0982,0.9141846721172333
128000,0.10038,0.101,3.2169694068431856
129000,0.10028,0.1004,1.9204348046779633
130000,0.09992,0.1003,0.6240637788772583
131000,0.10034,0.1003,2.9267463212013243
132000,0.09714,0.0981,1.63035454082489
133000,0.09642,0.0971,0.33388621544837954
134000,0.09888,0.0996,2.6365848672389984
135000,0.09984,0.0999,1.3401789035797118
136000,0.09994,0.1002,0.043751299381256104
137000,0.10064,0.1005,2.346444545030594
138000,0.10034,0.1003,1.0500197949409484
139000,0.10028,0.1001,3.3527511882781984
140000,0.10016,0.1,2.0563149852752685
141000,0.10006,0.1,0.7598598210811615
142000,0.10016,0.1,3.062571252822876
143000,0.09812,0.0984,1.7661273176670074
144000,0.09996,0.1005,0.46973494362831114
145000,0.10002,0.1,2.7724415349960325
146000,0.09892,0.0997,1.475996744632721
147000,0.09988,0.1001,0.17960530066490174
148000,0.09984,0.1005,2.4822734055519105
149000,0.10004,0.1002,1.1858444747924806
150000,0.09804,0.0984,3.488550462961197
151000,0.10022,0.1004,2.192135364532471
152000,0.10026,0.0999,0.8957284438610077
153000,0.10028,0.1003,3.198401950836182
154000,0.1004,0.1002,1.9019597389698029
155000,0.10016,0.1001,0.6055785508155823
156000,0.0988,0.0998,2.9082550284862516
